<?xml version="1.0" encoding="UTF-8"?>
<!-- Generated by org.testng.reporters.JUnitXMLReporter -->
<testsuite ignored="0" hostname="DESKTOP-A5NETF3" failures="0" tests="3" name="Default test" time="12.578" errors="0" timestamp="2022-03-08T19:09:49 BDT">
  <testcase classname="test_case_package2.TC001" name="addToCart" time="11.761"/>
  <testcase classname="test_case_package2.TC001" name="checkout" time="0.102"/>
  <testcase classname="test_case_package2.TC003" name="placeOrder" time="0.692"/>
</testsuite> <!-- Default test -->
