<?xml version="1.0" encoding="UTF-8"?>
<testng-results ignored="0" total="2" passed="2" failed="0" skipped="0">
  <reporter-output>
  </reporter-output>
  <suite started-at="2022-03-10T09:01:15 BDT" name="Default suite" finished-at="2022-03-10T09:01:18 BDT" duration-ms="2585">
    <groups>
    </groups>
    <test started-at="2022-03-10T09:01:15 BDT" name="Default test" finished-at="2022-03-10T09:01:18 BDT" duration-ms="2585">
      <class name="test_case_package2.TC001">
        <test-method is-config="true" signature="setup()[pri:0, instance:test_case_package2.TC001@223d2c72]" started-at="2022-03-10T09:01:13 BDT" name="setup" finished-at="2022-03-10T09:01:15 BDT" duration-ms="2130" status="PASS">
          <reporter-output>
          </reporter-output>
        </test-method> <!-- setup -->
        <test-method signature="addToCart()[pri:0, instance:test_case_package2.TC001@223d2c72]" started-at="2022-03-10T09:01:15 BDT" name="addToCart" finished-at="2022-03-10T09:01:18 BDT" duration-ms="2458" status="PASS">
          <reporter-output>
          </reporter-output>
        </test-method> <!-- addToCart -->
        <test-method signature="checkout()[pri:1, instance:test_case_package2.TC001@223d2c72]" started-at="2022-03-10T09:01:18 BDT" name="checkout" finished-at="2022-03-10T09:01:18 BDT" duration-ms="97" status="PASS">
          <reporter-output>
          </reporter-output>
        </test-method> <!-- checkout -->
        <test-method is-config="true" signature="endSession()[pri:0, instance:test_case_package2.TC001@223d2c72]" started-at="2022-03-10T09:01:18 BDT" name="endSession" finished-at="2022-03-10T09:01:18 BDT" duration-ms="616" status="PASS">
          <reporter-output>
          </reporter-output>
        </test-method> <!-- endSession -->
      </class> <!-- test_case_package2.TC001 -->
    </test> <!-- Default test -->
  </suite> <!-- Default suite -->
</testng-results>
