<?xml version="1.0" encoding="UTF-8"?>
<testng-results ignored="0" total="2" passed="2" failed="0" skipped="0">
  <reporter-output>
  </reporter-output>
  <suite started-at="2022-03-04T21:43:37 BDT" name="Default suite" finished-at="2022-03-04T21:43:48 BDT" duration-ms="11123">
    <groups>
    </groups>
    <test started-at="2022-03-04T21:43:37 BDT" name="Default test" finished-at="2022-03-04T21:43:48 BDT" duration-ms="11123">
      <class name="test_case_package.TC001">
        <test-method is-config="true" signature="setup()[pri:0, instance:test_case_package.TC001@1189dd52]" started-at="2022-03-04T21:43:35 BDT" name="setup" finished-at="2022-03-04T21:43:37 BDT" duration-ms="1904" status="PASS">
          <reporter-output>
          </reporter-output>
        </test-method> <!-- setup -->
        <test-method signature="clickCheckBox()[pri:0, instance:test_case_package.TC001@1189dd52]" started-at="2022-03-04T21:43:37 BDT" name="clickCheckBox" finished-at="2022-03-04T21:43:44 BDT" duration-ms="6953" status="PASS">
          <reporter-output>
          </reporter-output>
        </test-method> <!-- clickCheckBox -->
        <test-method signature="emptyInputField()[pri:0, instance:test_case_package.TC001@1189dd52]" started-at="2022-03-04T21:43:44 BDT" name="emptyInputField" finished-at="2022-03-04T21:43:48 BDT" duration-ms="4151" status="PASS">
          <reporter-output>
          </reporter-output>
        </test-method> <!-- emptyInputField -->
        <test-method is-config="true" signature="tearDown()[pri:0, instance:test_case_package.TC001@1189dd52]" started-at="2022-03-04T21:43:48 BDT" name="tearDown" finished-at="2022-03-04T21:43:49 BDT" duration-ms="594" status="PASS">
          <reporter-output>
          </reporter-output>
        </test-method> <!-- tearDown -->
      </class> <!-- test_case_package.TC001 -->
    </test> <!-- Default test -->
  </suite> <!-- Default suite -->
</testng-results>
