<?xml version="1.0" encoding="UTF-8"?>
<testng-results ignored="0" total="1" passed="1" failed="0" skipped="0">
  <reporter-output>
  </reporter-output>
  <suite started-at="2022-03-15T02:55:58 BDT" name="Default suite" finished-at="2022-03-15T02:56:04 BDT" duration-ms="5839">
    <groups>
    </groups>
    <test started-at="2022-03-15T02:55:58 BDT" name="Default test" finished-at="2022-03-15T02:56:04 BDT" duration-ms="5839">
      <class name="test_cases1.ForgotPassword">
        <test-method is-config="true" signature="setup()[pri:0, instance:test_cases1.ForgotPassword@36902638]" started-at="2022-03-15T02:55:56 BDT" name="setup" finished-at="2022-03-15T02:55:58 BDT" duration-ms="2157" status="PASS">
          <reporter-output>
          </reporter-output>
        </test-method> <!-- setup -->
        <test-method signature="TC04()[pri:0, instance:test_cases1.ForgotPassword@36902638]" started-at="2022-03-15T02:55:58 BDT" name="TC04" finished-at="2022-03-15T02:56:04 BDT" duration-ms="5808" status="PASS">
          <reporter-output>
          </reporter-output>
        </test-method> <!-- TC04 -->
        <test-method is-config="true" signature="endSession()[pri:0, instance:test_cases1.ForgotPassword@36902638]" started-at="2022-03-15T02:56:04 BDT" name="endSession" finished-at="2022-03-15T02:56:04 BDT" duration-ms="625" status="PASS">
          <reporter-output>
          </reporter-output>
        </test-method> <!-- endSession -->
      </class> <!-- test_cases1.ForgotPassword -->
    </test> <!-- Default test -->
  </suite> <!-- Default suite -->
</testng-results>
