<?xml version="1.0" encoding="UTF-8"?>
<testng-results ignored="0" total="2" passed="2" failed="0" skipped="0">
  <reporter-output>
  </reporter-output>
  <suite started-at="2022-03-14T19:57:15 BDT" name="Default suite" finished-at="2022-03-14T19:57:19 BDT" duration-ms="3803">
    <groups>
    </groups>
    <test started-at="2022-03-14T19:57:15 BDT" name="Default test" finished-at="2022-03-14T19:57:19 BDT" duration-ms="3803">
      <class name="test_cases2.AddToCart">
        <test-method is-config="true" signature="setup()[pri:0, instance:test_cases2.AddToCart@223d2c72]" started-at="2022-03-14T19:57:13 BDT" name="setup" finished-at="2022-03-14T19:57:15 BDT" duration-ms="2098" status="PASS">
          <reporter-output>
          </reporter-output>
        </test-method> <!-- setup -->
        <test-method signature="addToCart()[pri:1, instance:test_cases2.AddToCart@223d2c72]" started-at="2022-03-14T19:57:15 BDT" name="addToCart" finished-at="2022-03-14T19:57:18 BDT" duration-ms="2670" status="PASS">
          <reporter-output>
          </reporter-output>
        </test-method> <!-- addToCart -->
        <test-method signature="checkout()[pri:2, instance:test_cases2.AddToCart@223d2c72]" started-at="2022-03-14T19:57:18 BDT" name="checkout" finished-at="2022-03-14T19:57:19 BDT" duration-ms="1110" status="PASS">
          <reporter-output>
          </reporter-output>
        </test-method> <!-- checkout -->
        <test-method is-config="true" signature="endSession()[pri:0, instance:test_cases2.AddToCart@223d2c72]" started-at="2022-03-14T19:57:19 BDT" name="endSession" finished-at="2022-03-14T19:57:20 BDT" duration-ms="572" status="PASS">
          <reporter-output>
          </reporter-output>
        </test-method> <!-- endSession -->
      </class> <!-- test_cases2.AddToCart -->
    </test> <!-- Default test -->
  </suite> <!-- Default suite -->
</testng-results>
