<?xml version="1.0" encoding="UTF-8"?>
<testng-results ignored="0" total="1" passed="1" failed="0" skipped="0">
  <reporter-output>
  </reporter-output>
  <suite started-at="2022-03-06T16:45:53 BDT" name="Default suite" finished-at="2022-03-06T16:45:55 BDT" duration-ms="2093">
    <groups>
    </groups>
    <test started-at="2022-03-06T16:45:53 BDT" name="Default test" finished-at="2022-03-06T16:45:55 BDT" duration-ms="2093">
      <class name="test_case_package.TC003">
        <test-method is-config="true" signature="setup()[pri:0, instance:test_case_package.TC003@7e07db1f]" started-at="2022-03-06T16:45:50 BDT" name="setup" finished-at="2022-03-06T16:45:53 BDT" duration-ms="3120" status="PASS">
          <reporter-output>
          </reporter-output>
        </test-method> <!-- setup -->
        <test-method signature="tc003()[pri:0, instance:test_case_package.TC003@7e07db1f]" started-at="2022-03-06T16:45:53 BDT" name="tc003" finished-at="2022-03-06T16:45:55 BDT" duration-ms="2051" status="PASS">
          <reporter-output>
          </reporter-output>
        </test-method> <!-- tc003 -->
        <test-method is-config="true" signature="endSession()[pri:0, instance:test_case_package.TC003@7e07db1f]" started-at="2022-03-06T16:45:55 BDT" name="endSession" finished-at="2022-03-06T16:45:56 BDT" duration-ms="614" status="PASS">
          <reporter-output>
          </reporter-output>
        </test-method> <!-- endSession -->
      </class> <!-- test_case_package.TC003 -->
    </test> <!-- Default test -->
  </suite> <!-- Default suite -->
</testng-results>
