<?xml version="1.0" encoding="UTF-8"?>
<testng-results ignored="0" total="3" passed="3" failed="0" skipped="0">
  <reporter-output>
  </reporter-output>
  <suite started-at="2022-03-08T19:09:36 BDT" name="Default suite" finished-at="2022-03-08T19:09:49 BDT" duration-ms="12578">
    <groups>
    </groups>
    <test started-at="2022-03-08T19:09:36 BDT" name="Default test" finished-at="2022-03-08T19:09:49 BDT" duration-ms="12578">
      <class name="test_case_package2.TC003">
        <test-method is-config="true" signature="setup()[pri:0, instance:test_case_package2.TC003@223d2c72]" started-at="2022-03-08T19:09:34 BDT" name="setup" finished-at="2022-03-08T19:09:36 BDT" duration-ms="2149" status="PASS">
          <reporter-output>
          </reporter-output>
        </test-method> <!-- setup -->
        <test-method signature="addToCart()[pri:0, instance:test_case_package2.TC003@223d2c72]" started-at="2022-03-08T19:09:36 BDT" name="addToCart" finished-at="2022-03-08T19:09:48 BDT" duration-ms="11761" status="PASS">
          <reporter-output>
          </reporter-output>
        </test-method> <!-- addToCart -->
        <test-method signature="checkout()[pri:1, instance:test_case_package2.TC003@223d2c72]" started-at="2022-03-08T19:09:48 BDT" name="checkout" finished-at="2022-03-08T19:09:48 BDT" duration-ms="102" status="PASS">
          <reporter-output>
          </reporter-output>
        </test-method> <!-- checkout -->
        <test-method signature="placeOrder()[pri:2, instance:test_case_package2.TC003@223d2c72]" started-at="2022-03-08T19:09:48 BDT" name="placeOrder" finished-at="2022-03-08T19:09:49 BDT" duration-ms="692" status="PASS">
          <reporter-output>
          </reporter-output>
        </test-method> <!-- placeOrder -->
        <test-method is-config="true" signature="endSession()[pri:0, instance:test_case_package2.TC003@223d2c72]" started-at="2022-03-08T19:09:49 BDT" name="endSession" finished-at="2022-03-08T19:09:49 BDT" duration-ms="610" status="PASS">
          <reporter-output>
          </reporter-output>
        </test-method> <!-- endSession -->
      </class> <!-- test_case_package2.TC003 -->
    </test> <!-- Default test -->
  </suite> <!-- Default suite -->
</testng-results>
