<?xml version="1.0" encoding="UTF-8"?>
<testng-results ignored="0" total="1" passed="1" failed="0" skipped="0">
  <reporter-output>
  </reporter-output>
  <suite started-at="2022-03-05T22:20:44 BDT" name="Default suite" finished-at="2022-03-05T22:20:52 BDT" duration-ms="8219">
    <groups>
    </groups>
    <test started-at="2022-03-05T22:20:44 BDT" name="Default test" finished-at="2022-03-05T22:20:52 BDT" duration-ms="8219">
      <class name="test_case_package.TC002">
        <test-method is-config="true" signature="setup()[pri:0, instance:test_case_package.TC002@564fabc8]" started-at="2022-03-05T22:20:41 BDT" name="setup" finished-at="2022-03-05T22:20:44 BDT" duration-ms="2776" status="PASS">
          <reporter-output>
          </reporter-output>
        </test-method> <!-- setup -->
        <test-method signature="signup()[pri:0, instance:test_case_package.TC002@564fabc8]" started-at="2022-03-05T22:20:44 BDT" name="signup" finished-at="2022-03-05T22:20:52 BDT" duration-ms="8201" status="PASS">
          <reporter-output>
          </reporter-output>
        </test-method> <!-- signup -->
        <test-method is-config="true" signature="endSession()[pri:0, instance:test_case_package.TC002@564fabc8]" started-at="2022-03-05T22:20:52 BDT" name="endSession" finished-at="2022-03-05T22:20:53 BDT" duration-ms="609" status="PASS">
          <reporter-output>
          </reporter-output>
        </test-method> <!-- endSession -->
      </class> <!-- test_case_package.TC002 -->
    </test> <!-- Default test -->
  </suite> <!-- Default suite -->
</testng-results>
