<?xml version="1.0" encoding="UTF-8"?>
<testng-results ignored="0" total="1" passed="1" failed="0" skipped="0">
  <reporter-output>
  </reporter-output>
  <suite started-at="2022-03-14T21:04:45 BDT" name="Default suite" finished-at="2022-03-14T21:04:50 BDT" duration-ms="4171">
    <groups>
    </groups>
    <test started-at="2022-03-14T21:04:45 BDT" name="Default test" finished-at="2022-03-14T21:04:50 BDT" duration-ms="4171">
      <class name="action_test.Frame">
        <test-method is-config="true" signature="setup()[pri:0, instance:action_test.Frame@7e07db1f]" started-at="2022-03-14T21:04:43 BDT" name="setup" finished-at="2022-03-14T21:04:45 BDT" duration-ms="2152" status="PASS">
          <reporter-output>
          </reporter-output>
        </test-method> <!-- setup -->
        <test-method signature="frame()[pri:0, instance:action_test.Frame@7e07db1f]" started-at="2022-03-14T21:04:45 BDT" name="frame" finished-at="2022-03-14T21:04:50 BDT" duration-ms="4151" status="PASS">
          <reporter-output>
          </reporter-output>
        </test-method> <!-- frame -->
        <test-method is-config="true" signature="endSession()[pri:0, instance:action_test.Frame@7e07db1f]" started-at="2022-03-14T21:04:50 BDT" name="endSession" finished-at="2022-03-14T21:04:50 BDT" duration-ms="588" status="PASS">
          <reporter-output>
          </reporter-output>
        </test-method> <!-- endSession -->
      </class> <!-- action_test.Frame -->
    </test> <!-- Default test -->
  </suite> <!-- Default suite -->
</testng-results>
