<?xml version="1.0" encoding="UTF-8"?>
<testng-results ignored="0" total="1" passed="1" failed="0" skipped="0">
  <reporter-output>
  </reporter-output>
  <suite started-at="2022-03-19T12:29:22 BDT" name="Default suite" finished-at="2022-03-19T12:29:24 BDT" duration-ms="1889">
    <groups>
    </groups>
    <test started-at="2022-03-19T12:29:22 BDT" name="Default test" finished-at="2022-03-19T12:29:24 BDT" duration-ms="1889">
      <class name="test_cases1.SignUp">
        <test-method is-config="true" signature="setup()[pri:0, instance:test_cases1.SignUp@49ec71f8]" started-at="2022-03-19T12:29:20 BDT" name="setup" finished-at="2022-03-19T12:29:22 BDT" duration-ms="2487" status="PASS">
          <reporter-output>
          </reporter-output>
        </test-method> <!-- setup -->
        <test-method signature="TC03()[pri:0, instance:test_cases1.SignUp@49ec71f8]" started-at="2022-03-19T12:29:22 BDT" name="TC03" finished-at="2022-03-19T12:29:24 BDT" duration-ms="1851" status="PASS">
          <reporter-output>
          </reporter-output>
        </test-method> <!-- TC03 -->
        <test-method is-config="true" signature="endSession()[pri:0, instance:test_cases1.SignUp@49ec71f8]" started-at="2022-03-19T12:29:24 BDT" name="endSession" finished-at="2022-03-19T12:29:25 BDT" duration-ms="581" status="PASS">
          <reporter-output>
          </reporter-output>
        </test-method> <!-- endSession -->
      </class> <!-- test_cases1.SignUp -->
    </test> <!-- Default test -->
  </suite> <!-- Default suite -->
</testng-results>
