<?xml version="1.0" encoding="UTF-8"?>
<testng-results ignored="0" total="2" passed="2" failed="0" skipped="0">
  <reporter-output>
  </reporter-output>
  <suite started-at="2022-03-14T23:08:00 BDT" name="Default suite" finished-at="2022-03-14T23:08:09 BDT" duration-ms="9051">
    <groups>
    </groups>
    <test started-at="2022-03-14T23:08:00 BDT" name="Default test" finished-at="2022-03-14T23:08:09 BDT" duration-ms="9051">
      <class name="action_test.MouseOver">
        <test-method is-config="true" signature="setup()[pri:0, instance:action_test.MouseOver@16d04d3d]" started-at="2022-03-14T23:07:58 BDT" name="setup" finished-at="2022-03-14T23:08:00 BDT" duration-ms="2170" status="PASS">
          <reporter-output>
          </reporter-output>
        </test-method> <!-- setup -->
        <test-method signature="teamSchedule()[pri:1, instance:action_test.MouseOver@16d04d3d]" started-at="2022-03-14T23:08:00 BDT" name="teamSchedule" finished-at="2022-03-14T23:08:05 BDT" duration-ms="4657" status="PASS">
          <reporter-output>
          </reporter-output>
        </test-method> <!-- teamSchedule -->
        <test-method signature="search()[pri:2, instance:action_test.MouseOver@16d04d3d]" started-at="2022-03-14T23:08:05 BDT" name="search" finished-at="2022-03-14T23:08:09 BDT" duration-ms="4371" status="PASS">
          <reporter-output>
          </reporter-output>
        </test-method> <!-- search -->
        <test-method is-config="true" signature="endSession()[pri:0, instance:action_test.MouseOver@16d04d3d]" started-at="2022-03-14T23:08:09 BDT" name="endSession" finished-at="2022-03-14T23:08:10 BDT" duration-ms="624" status="PASS">
          <reporter-output>
          </reporter-output>
        </test-method> <!-- endSession -->
      </class> <!-- action_test.MouseOver -->
    </test> <!-- Default test -->
  </suite> <!-- Default suite -->
</testng-results>
