<?xml version="1.0" encoding="UTF-8"?>
<testng-results ignored="0" total="1" passed="1" failed="0" skipped="0">
  <reporter-output>
  </reporter-output>
  <suite started-at="2022-03-11T23:07:31 BDT" name="Default suite" finished-at="2022-03-11T23:07:36 BDT" duration-ms="4231">
    <groups>
    </groups>
    <test started-at="2022-03-11T23:07:31 BDT" name="Default test" finished-at="2022-03-11T23:07:36 BDT" duration-ms="4231">
      <class name="action_test.Frame">
        <test-method is-config="true" signature="setup()[pri:0, instance:action_test.Frame@7e07db1f]" started-at="2022-03-11T23:07:29 BDT" name="setup" finished-at="2022-03-11T23:07:31 BDT" duration-ms="2070" status="PASS">
          <reporter-output>
          </reporter-output>
        </test-method> <!-- setup -->
        <test-method signature="frame()[pri:0, instance:action_test.Frame@7e07db1f]" started-at="2022-03-11T23:07:31 BDT" name="frame" finished-at="2022-03-11T23:07:36 BDT" duration-ms="4207" status="PASS">
          <reporter-output>
          </reporter-output>
        </test-method> <!-- frame -->
        <test-method is-config="true" signature="endSession()[pri:0, instance:action_test.Frame@7e07db1f]" started-at="2022-03-11T23:07:36 BDT" name="endSession" finished-at="2022-03-11T23:07:36 BDT" duration-ms="640" status="PASS">
          <reporter-output>
          </reporter-output>
        </test-method> <!-- endSession -->
      </class> <!-- action_test.Frame -->
    </test> <!-- Default test -->
  </suite> <!-- Default suite -->
</testng-results>
