<?xml version="1.0" encoding="UTF-8"?>
<testng-results ignored="0" total="2" passed="2" failed="0" skipped="0">
  <reporter-output>
  </reporter-output>
  <suite started-at="2022-03-19T12:29:59 BDT" name="Default suite" finished-at="2022-03-19T12:30:02 BDT" duration-ms="3317">
    <groups>
    </groups>
    <test started-at="2022-03-19T12:29:59 BDT" name="Default test" finished-at="2022-03-19T12:30:02 BDT" duration-ms="3317">
      <class name="test_cases1.EmptyInput">
        <test-method is-config="true" signature="setup()[pri:0, instance:test_cases1.EmptyInput@1d2adfbe]" started-at="2022-03-19T12:29:57 BDT" name="setup" finished-at="2022-03-19T12:29:59 BDT" duration-ms="2127" status="PASS">
          <reporter-output>
          </reporter-output>
        </test-method> <!-- setup -->
        <test-method signature="TC01()[pri:1, instance:test_cases1.EmptyInput@1d2adfbe]" started-at="2022-03-19T12:29:59 BDT" name="TC01" finished-at="2022-03-19T12:30:01 BDT" duration-ms="2063" status="PASS">
          <reporter-output>
          </reporter-output>
        </test-method> <!-- TC01 -->
        <test-method signature="TC02()[pri:2, instance:test_cases1.EmptyInput@1d2adfbe]" started-at="2022-03-19T12:30:01 BDT" name="TC02" finished-at="2022-03-19T12:30:02 BDT" duration-ms="1231" status="PASS">
          <reporter-output>
          </reporter-output>
        </test-method> <!-- TC02 -->
        <test-method is-config="true" signature="endSession()[pri:0, instance:test_cases1.EmptyInput@1d2adfbe]" started-at="2022-03-19T12:30:02 BDT" name="endSession" finished-at="2022-03-19T12:30:03 BDT" duration-ms="606" status="PASS">
          <reporter-output>
          </reporter-output>
        </test-method> <!-- endSession -->
      </class> <!-- test_cases1.EmptyInput -->
    </test> <!-- Default test -->
  </suite> <!-- Default suite -->
</testng-results>
