<?xml version="1.0" encoding="UTF-8"?>
<testng-results ignored="0" total="1" passed="1" failed="0" skipped="0">
  <reporter-output>
  </reporter-output>
  <suite started-at="2022-03-14T20:32:29 BDT" name="Default suite" finished-at="2022-03-14T20:32:36 BDT" duration-ms="7255">
    <groups>
    </groups>
    <test started-at="2022-03-14T20:32:29 BDT" name="Default test" finished-at="2022-03-14T20:32:36 BDT" duration-ms="7255">
      <class name="action_test.AlertsHandling">
        <test-method is-config="true" signature="setup()[pri:0, instance:action_test.AlertsHandling@49ec71f8]" started-at="2022-03-14T20:32:27 BDT" name="setup" finished-at="2022-03-14T20:32:29 BDT" duration-ms="2555" status="PASS">
          <reporter-output>
          </reporter-output>
        </test-method> <!-- setup -->
        <test-method signature="alertsHandling()[pri:0, instance:action_test.AlertsHandling@49ec71f8]" started-at="2022-03-14T20:32:29 BDT" name="alertsHandling" finished-at="2022-03-14T20:32:36 BDT" duration-ms="7220" status="PASS">
          <reporter-output>
          </reporter-output>
        </test-method> <!-- alertsHandling -->
        <test-method is-config="true" signature="endSession()[pri:0, instance:action_test.AlertsHandling@49ec71f8]" started-at="2022-03-14T20:32:36 BDT" name="endSession" finished-at="2022-03-14T20:32:37 BDT" duration-ms="614" status="PASS">
          <reporter-output>
          </reporter-output>
        </test-method> <!-- endSession -->
      </class> <!-- action_test.AlertsHandling -->
    </test> <!-- Default test -->
  </suite> <!-- Default suite -->
</testng-results>
