<?xml version="1.0" encoding="UTF-8"?>
<testng-results ignored="0" total="1" passed="1" failed="0" skipped="0">
  <reporter-output>
  </reporter-output>
  <suite started-at="2022-03-19T12:28:07 BDT" name="Default suite" finished-at="2022-03-19T12:28:13 BDT" duration-ms="6628">
    <groups>
    </groups>
    <test started-at="2022-03-19T12:28:07 BDT" name="Default test" finished-at="2022-03-19T12:28:13 BDT" duration-ms="6628">
      <class name="test_cases1.ForgotPassword">
        <test-method is-config="true" signature="setup()[pri:0, instance:test_cases1.ForgotPassword@36902638]" started-at="2022-03-19T12:28:03 BDT" name="setup" finished-at="2022-03-19T12:28:07 BDT" duration-ms="3432" status="PASS">
          <reporter-output>
          </reporter-output>
        </test-method> <!-- setup -->
        <test-method signature="TC04()[pri:0, instance:test_cases1.ForgotPassword@36902638]" started-at="2022-03-19T12:28:07 BDT" name="TC04" finished-at="2022-03-19T12:28:13 BDT" duration-ms="6597" status="PASS">
          <reporter-output>
          </reporter-output>
        </test-method> <!-- TC04 -->
        <test-method is-config="true" signature="endSession()[pri:0, instance:test_cases1.ForgotPassword@36902638]" started-at="2022-03-19T12:28:13 BDT" name="endSession" finished-at="2022-03-19T12:28:14 BDT" duration-ms="601" status="PASS">
          <reporter-output>
          </reporter-output>
        </test-method> <!-- endSession -->
      </class> <!-- test_cases1.ForgotPassword -->
    </test> <!-- Default test -->
  </suite> <!-- Default suite -->
</testng-results>
