<?xml version="1.0" encoding="UTF-8"?>
<testng-results ignored="0" total="2" passed="2" failed="0" skipped="0">
  <reporter-output>
  </reporter-output>
  <suite started-at="2022-03-08T16:44:25 BDT" name="Default suite" finished-at="2022-03-08T16:44:29 BDT" duration-ms="3338">
    <groups>
    </groups>
    <test started-at="2022-03-08T16:44:25 BDT" name="Default test" finished-at="2022-03-08T16:44:29 BDT" duration-ms="3338">
      <class name="test_case_package.TC001">
        <test-method is-config="true" signature="setup()[pri:0, instance:test_case_package.TC001@564fabc8]" started-at="2022-03-08T16:44:23 BDT" name="setup" finished-at="2022-03-08T16:44:25 BDT" duration-ms="2066" status="PASS">
          <reporter-output>
          </reporter-output>
        </test-method> <!-- setup -->
        <test-method signature="TC001_1()[pri:0, instance:test_case_package.TC001@564fabc8]" started-at="2022-03-08T16:44:25 BDT" name="TC001_1" finished-at="2022-03-08T16:44:27 BDT" duration-ms="2007" status="PASS">
          <reporter-output>
          </reporter-output>
        </test-method> <!-- TC001_1 -->
        <test-method signature="TC001_2()[pri:1, instance:test_case_package.TC001@564fabc8]" started-at="2022-03-08T16:44:27 BDT" name="TC001_2" finished-at="2022-03-08T16:44:29 BDT" duration-ms="1305" status="PASS">
          <reporter-output>
          </reporter-output>
        </test-method> <!-- TC001_2 -->
        <test-method is-config="true" signature="endSession()[pri:0, instance:test_case_package.TC001@564fabc8]" started-at="2022-03-08T16:44:29 BDT" name="endSession" finished-at="2022-03-08T16:44:29 BDT" duration-ms="0" status="PASS">
          <reporter-output>
          </reporter-output>
        </test-method> <!-- endSession -->
      </class> <!-- test_case_package.TC001 -->
    </test> <!-- Default test -->
  </suite> <!-- Default suite -->
</testng-results>
