<?xml version="1.0" encoding="UTF-8"?>
<testng-results ignored="0" total="2" passed="2" failed="0" skipped="0">
  <reporter-output>
  </reporter-output>
  <suite started-at="2022-03-19T12:31:22 BDT" name="Default suite" finished-at="2022-03-19T12:31:26 BDT" duration-ms="4186">
    <groups>
    </groups>
    <test started-at="2022-03-19T12:31:22 BDT" name="Default test" finished-at="2022-03-19T12:31:26 BDT" duration-ms="4186">
      <class name="test_cases2.AddToCart">
        <test-method is-config="true" signature="setup()[pri:0, instance:test_cases2.AddToCart@1d2adfbe]" started-at="2022-03-19T12:31:20 BDT" name="setup" finished-at="2022-03-19T12:31:22 BDT" duration-ms="2078" status="PASS">
          <reporter-output>
          </reporter-output>
        </test-method> <!-- setup -->
        <test-method signature="addToCart()[pri:1, instance:test_cases2.AddToCart@1d2adfbe]" started-at="2022-03-19T12:31:22 BDT" name="addToCart" finished-at="2022-03-19T12:31:25 BDT" duration-ms="3046" status="PASS">
          <reporter-output>
          </reporter-output>
        </test-method> <!-- addToCart -->
        <test-method signature="checkout()[pri:2, instance:test_cases2.AddToCart@1d2adfbe]" started-at="2022-03-19T12:31:25 BDT" name="checkout" finished-at="2022-03-19T12:31:26 BDT" duration-ms="1114" status="PASS">
          <reporter-output>
          </reporter-output>
        </test-method> <!-- checkout -->
        <test-method is-config="true" signature="endSession()[pri:0, instance:test_cases2.AddToCart@1d2adfbe]" started-at="2022-03-19T12:31:26 BDT" name="endSession" finished-at="2022-03-19T12:31:27 BDT" duration-ms="619" status="PASS">
          <reporter-output>
          </reporter-output>
        </test-method> <!-- endSession -->
      </class> <!-- test_cases2.AddToCart -->
    </test> <!-- Default test -->
  </suite> <!-- Default suite -->
</testng-results>
