<?xml version="1.0" encoding="UTF-8"?>
<testng-results ignored="0" total="1" passed="1" failed="0" skipped="0">
  <reporter-output>
  </reporter-output>
  <suite started-at="2022-03-19T12:35:27 BDT" name="Default suite" finished-at="2022-03-19T12:35:37 BDT" duration-ms="9371">
    <groups>
    </groups>
    <test started-at="2022-03-19T12:35:27 BDT" name="Default test" finished-at="2022-03-19T12:35:37 BDT" duration-ms="9371">
      <class name="action_test.WindowsHandling">
        <test-method is-config="true" signature="setup()[pri:0, instance:action_test.WindowsHandling@49ec71f8]" started-at="2022-03-19T12:35:25 BDT" name="setup" finished-at="2022-03-19T12:35:27 BDT" duration-ms="2116" status="PASS">
          <reporter-output>
          </reporter-output>
        </test-method> <!-- setup -->
        <test-method signature="window()[pri:0, instance:action_test.WindowsHandling@49ec71f8]" started-at="2022-03-19T12:35:27 BDT" name="window" finished-at="2022-03-19T12:35:37 BDT" duration-ms="9348" status="PASS">
          <reporter-output>
          </reporter-output>
        </test-method> <!-- window -->
        <test-method is-config="true" signature="endSession()[pri:0, instance:action_test.WindowsHandling@49ec71f8]" started-at="2022-03-19T12:35:37 BDT" name="endSession" finished-at="2022-03-19T12:35:37 BDT" duration-ms="611" status="PASS">
          <reporter-output>
          </reporter-output>
        </test-method> <!-- endSession -->
      </class> <!-- action_test.WindowsHandling -->
    </test> <!-- Default test -->
  </suite> <!-- Default suite -->
</testng-results>
